2016-12-1512:11:14,527  INFO MainApplication:48 ---- Starting MainApplication on USER-20160817GA with PID 6884 (F:\company\git\icc-wechat-mgmt\target\classes started by Administrator in F:\company\git\icc-wechat-mgmt)
2016-12-1512:11:14,545  INFO MainApplication:656 ---- The following profiles are active: dev
2016-12-1512:11:33,329  INFO MainApplication:57 ---- Started MainApplication in 20.32 seconds (JVM running for 22.171)
2016-12-1512:11:33,329  INFO MainApplication:59 ---- actuatorMetricReader
2016-12-1512:11:33,330  INFO MainApplication:59 ---- applicationContextIdFilter
2016-12-1512:11:33,330  INFO MainApplication:59 ---- audience.CONFIGURATION_PROPERTIES
2016-12-1512:11:33,330  INFO MainApplication:59 ---- auditEventRepository
2016-12-1512:11:33,330  INFO MainApplication:59 ---- auditListener
2016-12-1512:11:33,330  INFO MainApplication:59 ---- autoConfigurationReportEndpoint
2016-12-1512:11:33,330  INFO MainApplication:59 ---- basicErrorController
2016-12-1512:11:33,330  INFO MainApplication:59 ---- basicFilterRegistrationBean
2016-12-1512:11:33,330  INFO MainApplication:59 ---- beanNameHandlerMapping
2016-12-1512:11:33,331  INFO MainApplication:59 ---- beanNameViewResolver
2016-12-1512:11:33,331  INFO MainApplication:59 ---- beansEndpoint
2016-12-1512:11:33,331  INFO MainApplication:59 ---- characterEncodingFilter
2016-12-1512:11:33,331  INFO MainApplication:59 ---- configurationPropertiesReportEndpoint
2016-12-1512:11:33,331  INFO MainApplication:59 ---- counterBuffers
2016-12-1512:11:33,331  INFO MainApplication:59 ---- counterService
2016-12-1512:11:33,331  INFO MainApplication:59 ---- dataSource
2016-12-1512:11:33,331  INFO MainApplication:59 ---- dataSourceInitializedPublisher
2016-12-1512:11:33,331  INFO MainApplication:59 ---- dataSourceInitializer
2016-12-1512:11:33,332  INFO MainApplication:59 ---- dataSourceInitializerPostProcessor
2016-12-1512:11:33,332  INFO MainApplication:59 ---- dataSourcePublicMetrics
2016-12-1512:11:33,332  INFO MainApplication:59 ---- dbHealthIndicator
2016-12-1512:11:33,332  INFO MainApplication:59 ---- defaultServletHandlerMapping
2016-12-1512:11:33,332  INFO MainApplication:59 ---- defaultViewResolver
2016-12-1512:11:33,332  INFO MainApplication:59 ---- devSendMessage
2016-12-1512:11:33,332  INFO MainApplication:59 ---- diskSpaceHealthIndicator
2016-12-1512:11:33,332  INFO MainApplication:59 ---- diskSpaceHealthIndicatorProperties
2016-12-1512:11:33,333  INFO MainApplication:59 ---- dispatcherServlet
2016-12-1512:11:33,333  INFO MainApplication:59 ---- dispatcherServletRegistration
2016-12-1512:11:33,333  INFO MainApplication:59 ---- dumpEndpoint
2016-12-1512:11:33,333  INFO MainApplication:59 ---- duplicateServerPropertiesDetector
2016-12-1512:11:33,333  INFO MainApplication:59 ---- embeddedServletContainerCustomizerBeanPostProcessor
2016-12-1512:11:33,333  INFO MainApplication:59 ---- endpointHandlerMapping
2016-12-1512:11:33,333  INFO MainApplication:59 ---- endpointMBeanExporter
2016-12-1512:11:33,333  INFO MainApplication:59 ---- endpoints.CONFIGURATION_PROPERTIES
2016-12-1512:11:33,333  INFO MainApplication:59 ---- endpoints.cors.CONFIGURATION_PROPERTIES
2016-12-1512:11:33,333  INFO MainApplication:59 ---- endpoints.health.CONFIGURATION_PROPERTIES
2016-12-1512:11:33,334  INFO MainApplication:59 ---- endpoints.jmx.CONFIGURATION_PROPERTIES
2016-12-1512:11:33,334  INFO MainApplication:59 ---- entityManagerFactory
2016-12-1512:11:33,334  INFO MainApplication:59 ---- entityManagerFactoryBuilder
2016-12-1512:11:33,334  INFO MainApplication:59 ---- environmentEndpoint
2016-12-1512:11:33,334  INFO MainApplication:59 ---- environmentMvcEndpoint
2016-12-1512:11:33,334  INFO MainApplication:59 ---- error
2016-12-1512:11:33,334  INFO MainApplication:59 ---- errorAttributes
2016-12-1512:11:33,334  INFO MainApplication:59 ---- errorPageCustomizer
2016-12-1512:11:33,334  INFO MainApplication:59 ---- faviconHandlerMapping
2016-12-1512:11:33,334  INFO MainApplication:59 ---- faviconRequestHandler
2016-12-1512:11:33,335  INFO MainApplication:59 ---- foo
2016-12-1512:11:33,335  INFO MainApplication:59 ---- gaugeBuffers
2016-12-1512:11:33,335  INFO MainApplication:59 ---- gaugeService
2016-12-1512:11:33,335  INFO MainApplication:59 ---- halJsonMvcEndpoint
2016-12-1512:11:33,335  INFO MainApplication:59 ---- handlerExceptionResolver
2016-12-1512:11:33,335  INFO MainApplication:59 ---- healthAggregator
2016-12-1512:11:33,335  INFO MainApplication:59 ---- healthEndpoint
2016-12-1512:11:33,335  INFO MainApplication:59 ---- healthMvcEndpoint
2016-12-1512:11:33,335  INFO MainApplication:59 ---- hiddenHttpMethodFilter
2016-12-1512:11:33,335  INFO MainApplication:59 ---- httpPutFormContentFilter
2016-12-1512:11:33,336  INFO MainApplication:59 ---- httpRequestHandlerAdapter
2016-12-1512:11:33,336  INFO MainApplication:59 ---- infoEndpoint
2016-12-1512:11:33,336  INFO MainApplication:59 ---- jacksonGeoModule
2016-12-1512:11:33,336  INFO MainApplication:59 ---- jacksonObjectMapper
2016-12-1512:11:33,336  INFO MainApplication:59 ---- jacksonObjectMapperBuilder
2016-12-1512:11:33,336  INFO MainApplication:59 ---- jdbcTemplate
2016-12-1512:11:33,336  INFO MainApplication:59 ---- jpaContext
2016-12-1512:11:33,336  INFO MainApplication:59 ---- jpaMappingContext
2016-12-1512:11:33,336  INFO MainApplication:59 ---- jpaVendorAdapter
2016-12-1512:11:33,336  INFO MainApplication:59 ---- jsonWebTokenController
2016-12-1512:11:33,337  INFO MainApplication:59 ---- jwtFilterRegistrationBean
2016-12-1512:11:33,337  INFO MainApplication:59 ---- mainApplication
2016-12-1512:11:33,337  INFO MainApplication:59 ---- management.health.status.CONFIGURATION_PROPERTIES
2016-12-1512:11:33,337  INFO MainApplication:59 ---- management.trace.CONFIGURATION_PROPERTIES
2016-12-1512:11:33,337  INFO MainApplication:59 ---- managementContextResolver
2016-12-1512:11:33,337  INFO MainApplication:59 ---- managementServerProperties
2016-12-1512:11:33,337  INFO MainApplication:59 ---- managementServletContext
2016-12-1512:11:33,337  INFO MainApplication:59 ---- mappingJackson2HttpMessageConverter
2016-12-1512:11:33,337  INFO MainApplication:59 ---- mbeanExporter
2016-12-1512:11:33,337  INFO MainApplication:59 ---- mbeanServer
2016-12-1512:11:33,338  INFO MainApplication:59 ---- messageConverters
2016-12-1512:11:33,338  INFO MainApplication:59 ---- metricFilter
2016-12-1512:11:33,338  INFO MainApplication:59 ---- metricReaderPublicMetrics
2016-12-1512:11:33,338  INFO MainApplication:59 ---- metricWritersMetricExporter
2016-12-1512:11:33,338  INFO MainApplication:59 ---- metricsEndpoint
2016-12-1512:11:33,338  INFO MainApplication:59 ---- metricsMvcEndpoint
2016-12-1512:11:33,338  INFO MainApplication:59 ---- mgmtUserController
2016-12-1512:11:33,338  INFO MainApplication:59 ---- mgmtUserMapper
2016-12-1512:11:33,338  INFO MainApplication:59 ---- mgmtUserServiceImpl
2016-12-1512:11:33,338  INFO MainApplication:59 ---- multipart.CONFIGURATION_PROPERTIES
2016-12-1512:11:33,339  INFO MainApplication:59 ---- multipartConfigElement
2016-12-1512:11:33,339  INFO MainApplication:59 ---- multipartResolver
2016-12-1512:11:33,339  INFO MainApplication:59 ---- mvcContentNegotiationManager
2016-12-1512:11:33,339  INFO MainApplication:59 ---- mvcConversionService
2016-12-1512:11:33,339  INFO MainApplication:59 ---- mvcEndpoints
2016-12-1512:11:33,340  INFO MainApplication:59 ---- mvcPathMatcher
2016-12-1512:11:33,340  INFO MainApplication:59 ---- mvcResourceUrlProvider
2016-12-1512:11:33,340  INFO MainApplication:59 ---- mvcUriComponentsContributor
2016-12-1512:11:33,340  INFO MainApplication:59 ---- mvcUrlPathHelper
2016-12-1512:11:33,340  INFO MainApplication:59 ---- mvcValidator
2016-12-1512:11:33,340  INFO MainApplication:59 ---- mvcViewResolver
2016-12-1512:11:33,340  INFO MainApplication:59 ---- mybatis.CONFIGURATION_PROPERTIES
2016-12-1512:11:33,340  INFO MainApplication:59 ---- namedParameterJdbcTemplate
2016-12-1512:11:33,341  INFO MainApplication:59 ---- objectNamingStrategy
2016-12-1512:11:33,341  INFO MainApplication:59 ---- openEntityManagerInViewInterceptor
2016-12-1512:11:33,341  INFO MainApplication:59 ---- org.mybatis.spring.boot.autoconfigure.MybatisAutoConfiguration
2016-12-1512:11:33,341  INFO MainApplication:59 ---- org.springframework.aop.config.internalAutoProxyCreator
2016-12-1512:11:33,341  INFO MainApplication:59 ---- org.springframework.autoconfigure.redis.RedisProperties
2016-12-1512:11:33,342  INFO MainApplication:59 ---- org.springframework.boot.actuate.autoconfigure.AuditAutoConfiguration
2016-12-1512:11:33,342  INFO MainApplication:59 ---- org.springframework.boot.actuate.autoconfigure.AuditAutoConfiguration$AuditEventRepositoryConfiguration
2016-12-1512:11:33,342  INFO MainApplication:59 ---- org.springframework.boot.actuate.autoconfigure.EndpointAutoConfiguration
2016-12-1512:11:33,342  INFO MainApplication:59 ---- org.springframework.boot.actuate.autoconfigure.EndpointAutoConfiguration$InfoPropertiesConfiguration
2016-12-1512:11:33,342  INFO MainApplication:59 ---- org.springframework.boot.actuate.autoconfigure.EndpointAutoConfiguration$RequestMappingEndpointConfiguration
2016-12-1512:11:33,342  INFO MainApplication:59 ---- org.springframework.boot.actuate.autoconfigure.EndpointMBeanExportAutoConfiguration
2016-12-1512:11:33,342  INFO MainApplication:59 ---- org.springframework.boot.actuate.autoconfigure.EndpointWebMvcAutoConfiguration
2016-12-1512:11:33,342  INFO MainApplication:59 ---- org.springframework.boot.actuate.autoconfigure.EndpointWebMvcAutoConfiguration$ApplicationContextFilterConfiguration
2016-12-1512:11:33,342  INFO MainApplication:59 ---- org.springframework.boot.actuate.autoconfigure.EndpointWebMvcAutoConfiguration$EndpointWebMvcConfiguration
2016-12-1512:11:33,342  INFO MainApplication:59 ---- org.springframework.boot.actuate.autoconfigure.EndpointWebMvcHypermediaManagementContextConfiguration
2016-12-1512:11:33,342  INFO MainApplication:59 ---- org.springframework.boot.actuate.autoconfigure.EndpointWebMvcHypermediaManagementContextConfiguration$ActuatorEndpointLinksAdvice
2016-12-1512:11:33,343  INFO MainApplication:59 ---- org.springframework.boot.actuate.autoconfigure.EndpointWebMvcHypermediaManagementContextConfiguration$MvcEndpointAdvice
2016-12-1512:11:33,343  INFO MainApplication:59 ---- org.springframework.boot.actuate.autoconfigure.EndpointWebMvcManagementContextConfiguration
2016-12-1512:11:33,343  INFO MainApplication:59 ---- org.springframework.boot.actuate.autoconfigure.HealthIndicatorAutoConfiguration
2016-12-1512:11:33,343  INFO MainApplication:59 ---- org.springframework.boot.actuate.autoconfigure.HealthIndicatorAutoConfiguration$DataSourcesHealthIndicatorConfiguration
2016-12-1512:11:33,343  INFO MainApplication:59 ---- org.springframework.boot.actuate.autoconfigure.HealthIndicatorAutoConfiguration$DiskSpaceHealthIndicatorConfiguration
2016-12-1512:11:33,343  INFO MainApplication:59 ---- org.springframework.boot.actuate.autoconfigure.HealthIndicatorAutoConfiguration$RedisHealthIndicatorConfiguration
2016-12-1512:11:33,343  INFO MainApplication:59 ---- org.springframework.boot.actuate.autoconfigure.ManagementServerPropertiesAutoConfiguration
2016-12-1512:11:33,343  INFO MainApplication:59 ---- org.springframework.boot.actuate.autoconfigure.MetricExportAutoConfiguration
2016-12-1512:11:33,343  INFO MainApplication:59 ---- org.springframework.boot.actuate.autoconfigure.MetricExportAutoConfiguration$MetricExportPropertiesConfiguration
2016-12-1512:11:33,344  INFO MainApplication:59 ---- org.springframework.boot.actuate.autoconfigure.MetricFilterAutoConfiguration
2016-12-1512:11:33,344  INFO MainApplication:59 ---- org.springframework.boot.actuate.autoconfigure.MetricRepositoryAutoConfiguration
2016-12-1512:11:33,344  INFO MainApplication:59 ---- org.springframework.boot.actuate.autoconfigure.MetricRepositoryAutoConfiguration$FastMetricServicesConfiguration
2016-12-1512:11:33,344  INFO MainApplication:59 ---- org.springframework.boot.actuate.autoconfigure.PublicMetricsAutoConfiguration
2016-12-1512:11:33,344  INFO MainApplication:59 ---- org.springframework.boot.actuate.autoconfigure.PublicMetricsAutoConfiguration$DataSourceMetricsConfiguration
2016-12-1512:11:33,344  INFO MainApplication:59 ---- org.springframework.boot.actuate.autoconfigure.PublicMetricsAutoConfiguration$TomcatMetricsConfiguration
2016-12-1512:11:33,344  INFO MainApplication:59 ---- org.springframework.boot.actuate.autoconfigure.TraceRepositoryAutoConfiguration
2016-12-1512:11:33,344  INFO MainApplication:59 ---- org.springframework.boot.actuate.autoconfigure.TraceWebFilterAutoConfiguration
2016-12-1512:11:33,344  INFO MainApplication:59 ---- org.springframework.boot.autoconfigure.AutoConfigurationPackages
2016-12-1512:11:33,344  INFO MainApplication:59 ---- org.springframework.boot.autoconfigure.PropertyPlaceholderAutoConfiguration
2016-12-1512:11:33,344  INFO MainApplication:59 ---- org.springframework.boot.autoconfigure.admin.SpringApplicationAdminJmxAutoConfiguration
2016-12-1512:11:33,345  INFO MainApplication:59 ---- org.springframework.boot.autoconfigure.aop.AopAutoConfiguration
2016-12-1512:11:33,345  INFO MainApplication:59 ---- org.springframework.boot.autoconfigure.aop.AopAutoConfiguration$JdkDynamicAutoProxyConfiguration
2016-12-1512:11:33,345  INFO MainApplication:59 ---- org.springframework.boot.autoconfigure.condition.BeanTypeRegistry
2016-12-1512:11:33,345  INFO MainApplication:59 ---- org.springframework.boot.autoconfigure.context.ConfigurationPropertiesAutoConfiguration
2016-12-1512:11:33,345  INFO MainApplication:59 ---- org.springframework.boot.autoconfigure.dao.PersistenceExceptionTranslationAutoConfiguration
2016-12-1512:11:33,345  INFO MainApplication:59 ---- org.springframework.boot.autoconfigure.data.jpa.JpaRepositoriesAutoConfiguration
2016-12-1512:11:33,345  INFO MainApplication:59 ---- org.springframework.boot.autoconfigure.data.redis.RedisAutoConfiguration
2016-12-1512:11:33,345  INFO MainApplication:59 ---- org.springframework.boot.autoconfigure.data.redis.RedisAutoConfiguration$RedisConfiguration
2016-12-1512:11:33,346  INFO MainApplication:59 ---- org.springframework.boot.autoconfigure.data.redis.RedisAutoConfiguration$RedisPooledConnectionConfiguration
2016-12-1512:11:33,346  INFO MainApplication:59 ---- org.springframework.boot.autoconfigure.data.web.SpringDataWebAutoConfiguration
2016-12-1512:11:33,346  INFO MainApplication:59 ---- org.springframework.boot.autoconfigure.jackson.JacksonAutoConfiguration
2016-12-1512:11:33,346  INFO MainApplication:59 ---- org.springframework.boot.autoconfigure.jackson.JacksonAutoConfiguration$JacksonObjectMapperBuilderConfiguration
2016-12-1512:11:33,346  INFO MainApplication:59 ---- org.springframework.boot.autoconfigure.jackson.JacksonAutoConfiguration$JacksonObjectMapperConfiguration
2016-12-1512:11:33,346  INFO MainApplication:59 ---- org.springframework.boot.autoconfigure.jdbc.DataSourceAutoConfiguration
2016-12-1512:11:33,346  INFO MainApplication:59 ---- org.springframework.boot.autoconfigure.jdbc.DataSourceAutoConfiguration$DataSourceInitializerConfiguration
2016-12-1512:11:33,346  INFO MainApplication:59 ---- org.springframework.boot.autoconfigure.jdbc.DataSourceAutoConfiguration$JdbcTemplateConfiguration
2016-12-1512:11:33,346  INFO MainApplication:59 ---- org.springframework.boot.autoconfigure.jdbc.DataSourceAutoConfiguration$NonEmbeddedConfiguration
2016-12-1512:11:33,346  INFO MainApplication:59 ---- org.springframework.boot.autoconfigure.jdbc.DataSourceTransactionManagerAutoConfiguration
2016-12-1512:11:33,346  INFO MainApplication:59 ---- org.springframework.boot.autoconfigure.jdbc.DataSourceTransactionManagerAutoConfiguration$TransactionManagementConfiguration
2016-12-1512:11:33,347  INFO MainApplication:59 ---- org.springframework.boot.autoconfigure.jdbc.metadata.DataSourcePoolMetadataProvidersConfiguration
2016-12-1512:11:33,347  INFO MainApplication:59 ---- org.springframework.boot.autoconfigure.jdbc.metadata.DataSourcePoolMetadataProvidersConfiguration$TomcatDataSourcePoolMetadataProviderConfiguration
2016-12-1512:11:33,347  INFO MainApplication:59 ---- org.springframework.boot.autoconfigure.jmx.JmxAutoConfiguration
2016-12-1512:11:33,347  INFO MainApplication:59 ---- org.springframework.boot.autoconfigure.orm.jpa.HibernateJpaAutoConfiguration
2016-12-1512:11:33,347  INFO MainApplication:59 ---- org.springframework.boot.autoconfigure.orm.jpa.JpaBaseConfiguration$JpaWebConfiguration
2016-12-1512:11:33,347  INFO MainApplication:59 ---- org.springframework.boot.autoconfigure.orm.jpa.JpaBaseConfiguration$JpaWebConfiguration$JpaWebMvcConfiguration
2016-12-1512:11:33,347  INFO MainApplication:59 ---- org.springframework.boot.autoconfigure.transaction.TransactionAutoConfiguration
2016-12-1512:11:33,347  INFO MainApplication:59 ---- org.springframework.boot.autoconfigure.transaction.jta.JtaAutoConfiguration
2016-12-1512:11:33,347  INFO MainApplication:59 ---- org.springframework.boot.autoconfigure.web.DispatcherServletAutoConfiguration
2016-12-1512:11:33,347  INFO MainApplication:59 ---- org.springframework.boot.autoconfigure.web.DispatcherServletAutoConfiguration$DispatcherServletConfiguration
2016-12-1512:11:33,348  INFO MainApplication:59 ---- org.springframework.boot.autoconfigure.web.EmbeddedServletContainerAutoConfiguration
2016-12-1512:11:33,348  INFO MainApplication:59 ---- org.springframework.boot.autoconfigure.web.EmbeddedServletContainerAutoConfiguration$EmbeddedTomcat
2016-12-1512:11:33,348  INFO MainApplication:59 ---- org.springframework.boot.autoconfigure.web.ErrorMvcAutoConfiguration
2016-12-1512:11:33,348  INFO MainApplication:59 ---- org.springframework.boot.autoconfigure.web.ErrorMvcAutoConfiguration$WhitelabelErrorViewConfiguration
2016-12-1512:11:33,348  INFO MainApplication:59 ---- org.springframework.boot.autoconfigure.web.HttpEncodingAutoConfiguration
2016-12-1512:11:33,348  INFO MainApplication:59 ---- org.springframework.boot.autoconfigure.web.HttpMessageConvertersAutoConfiguration
2016-12-1512:11:33,348  INFO MainApplication:59 ---- org.springframework.boot.autoconfigure.web.HttpMessageConvertersAutoConfiguration$StringHttpMessageConverterConfiguration
2016-12-1512:11:33,348  INFO MainApplication:59 ---- org.springframework.boot.autoconfigure.web.JacksonHttpMessageConvertersConfiguration
2016-12-1512:11:33,348  INFO MainApplication:59 ---- org.springframework.boot.autoconfigure.web.JacksonHttpMessageConvertersConfiguration$MappingJackson2HttpMessageConverterConfiguration
2016-12-1512:11:33,348  INFO MainApplication:59 ---- org.springframework.boot.autoconfigure.web.MultipartAutoConfiguration
2016-12-1512:11:33,350  INFO MainApplication:59 ---- org.springframework.boot.autoconfigure.web.ServerPropertiesAutoConfiguration
2016-12-1512:11:33,350  INFO MainApplication:59 ---- org.springframework.boot.autoconfigure.web.WebMvcAutoConfiguration
2016-12-1512:11:33,350  INFO MainApplication:59 ---- org.springframework.boot.autoconfigure.web.WebMvcAutoConfiguration$EnableWebMvcConfiguration
2016-12-1512:11:33,350  INFO MainApplication:59 ---- org.springframework.boot.autoconfigure.web.WebMvcAutoConfiguration$WebMvcAutoConfigurationAdapter
2016-12-1512:11:33,350  INFO MainApplication:59 ---- org.springframework.boot.autoconfigure.web.WebMvcAutoConfiguration$WebMvcAutoConfigurationAdapter$FaviconConfiguration
2016-12-1512:11:33,350  INFO MainApplication:59 ---- org.springframework.boot.autoconfigure.websocket.WebSocketAutoConfiguration
2016-12-1512:11:33,350  INFO MainApplication:59 ---- org.springframework.boot.autoconfigure.websocket.WebSocketAutoConfiguration$TomcatWebSocketConfiguration
2016-12-1512:11:33,350  INFO MainApplication:59 ---- org.springframework.boot.context.properties.ConfigurationPropertiesBindingPostProcessor
2016-12-1512:11:33,351  INFO MainApplication:59 ---- org.springframework.boot.context.properties.ConfigurationPropertiesBindingPostProcessor.store
2016-12-1512:11:33,351  INFO MainApplication:59 ---- org.springframework.context.annotation.ConfigurationClassPostProcessor.enhancedConfigurationProcessor
2016-12-1512:11:33,351  INFO MainApplication:59 ---- org.springframework.context.annotation.ConfigurationClassPostProcessor.importAwareProcessor
2016-12-1512:11:33,351  INFO MainApplication:59 ---- org.springframework.context.annotation.internalAutowiredAnnotationProcessor
2016-12-1512:11:33,351  INFO MainApplication:59 ---- org.springframework.context.annotation.internalCommonAnnotationProcessor
2016-12-1512:11:33,351  INFO MainApplication:59 ---- org.springframework.context.annotation.internalConfigurationAnnotationProcessor
2016-12-1512:11:33,351  INFO MainApplication:59 ---- org.springframework.context.annotation.internalPersistenceAnnotationProcessor
2016-12-1512:11:33,351  INFO MainApplication:59 ---- org.springframework.context.annotation.internalRequiredAnnotationProcessor
2016-12-1512:11:33,351  INFO MainApplication:59 ---- org.springframework.context.annotation.internalScheduledAnnotationProcessor
2016-12-1512:11:33,351  INFO MainApplication:59 ---- org.springframework.context.event.internalEventListenerFactory
2016-12-1512:11:33,352  INFO MainApplication:59 ---- org.springframework.context.event.internalEventListenerProcessor
2016-12-1512:11:33,352  INFO MainApplication:59 ---- org.springframework.data.repository.core.support.RepositoryInterfaceAwareBeanPostProcessor
2016-12-1512:11:33,352  INFO MainApplication:59 ---- org.springframework.data.web.config.HateoasAwareSpringDataWebConfiguration
2016-12-1512:11:33,352  INFO MainApplication:59 ---- org.springframework.data.web.config.SpringDataJacksonConfiguration
2016-12-1512:11:33,352  INFO MainApplication:59 ---- org.springframework.orm.jpa.SharedEntityManagerCreator#0
2016-12-1512:11:33,352  INFO MainApplication:59 ---- org.springframework.scheduling.annotation.SchedulingConfiguration
2016-12-1512:11:33,352  INFO MainApplication:59 ---- org.springframework.transaction.annotation.ProxyTransactionManagementConfiguration
2016-12-1512:11:33,352  INFO MainApplication:59 ---- org.springframework.transaction.config.internalTransactionAdvisor
2016-12-1512:11:33,352  INFO MainApplication:59 ---- org.springframework.transaction.config.internalTransactionalEventListenerFactory
2016-12-1512:11:33,352  INFO MainApplication:59 ---- pageableResolver
2016-12-1512:11:33,352  INFO MainApplication:59 ---- pagedResourcesAssembler
2016-12-1512:11:33,353  INFO MainApplication:59 ---- pagedResourcesAssemblerArgumentResolver
2016-12-1512:11:33,353  INFO MainApplication:59 ---- persistenceExceptionTranslationPostProcessor
2016-12-1512:11:33,353  INFO MainApplication:59 ---- preserveErrorControllerTargetClassPostProcessor
2016-12-1512:11:33,353  INFO MainApplication:59 ---- propertySourcesPlaceholderConfigurer
2016-12-1512:11:33,353  INFO MainApplication:59 ---- redisConnectionFactory
2016-12-1512:11:33,353  INFO MainApplication:59 ---- redisController
2016-12-1512:11:33,353  INFO MainApplication:59 ---- redisDemoServiceImpl
2016-12-1512:11:33,353  INFO MainApplication:59 ---- redisHealthIndicator
2016-12-1512:11:33,353  INFO MainApplication:59 ---- redisTemplate
2016-12-1512:11:33,353  INFO MainApplication:59 ---- requestContextFilter
2016-12-1512:11:33,353  INFO MainApplication:59 ---- requestMappingEndpoint
2016-12-1512:11:33,353  INFO MainApplication:59 ---- requestMappingHandlerAdapter
2016-12-1512:11:33,354  INFO MainApplication:59 ---- requestMappingHandlerMapping
2016-12-1512:11:33,354  INFO MainApplication:59 ---- resourceHandlerMapping
2016-12-1512:11:33,354  INFO MainApplication:59 ---- serverProperties
2016-12-1512:11:33,354  INFO MainApplication:59 ---- shutdownEndpoint
2016-12-1512:11:33,354  INFO MainApplication:59 ---- simpleControllerHandlerAdapter
2016-12-1512:11:33,354  INFO MainApplication:59 ---- sortResolver
2016-12-1512:11:33,354  INFO MainApplication:59 ---- spring.datasource.CONFIGURATION_PROPERTIES
2016-12-1512:11:33,354  INFO MainApplication:59 ---- spring.http.encoding.CONFIGURATION_PROPERTIES
2016-12-1512:11:33,354  INFO MainApplication:59 ---- spring.jackson.CONFIGURATION_PROPERTIES
2016-12-1512:11:33,354  INFO MainApplication:59 ---- spring.jpa.CONFIGURATION_PROPERTIES
2016-12-1512:11:33,354  INFO MainApplication:59 ---- spring.jta.CONFIGURATION_PROPERTIES
2016-12-1512:11:33,354  INFO MainApplication:59 ---- spring.metrics.export.CONFIGURATION_PROPERTIES
2016-12-1512:11:33,355  INFO MainApplication:59 ---- spring.mvc.CONFIGURATION_PROPERTIES
2016-12-1512:11:33,355  INFO MainApplication:59 ---- spring.resources.CONFIGURATION_PROPERTIES
2016-12-1512:11:33,355  INFO MainApplication:59 ---- springApplicationAdminRegistrar
2016-12-1512:11:33,355  INFO MainApplication:59 ---- sqlSessionFactory
2016-12-1512:11:33,355  INFO MainApplication:59 ---- sqlSessionTemplate
2016-12-1512:11:33,355  INFO MainApplication:59 ---- stringHttpMessageConverter
2016-12-1512:11:33,355  INFO MainApplication:59 ---- stringRedisTemplate
2016-12-1512:11:33,355  INFO MainApplication:59 ---- systemPublicMetrics
2016-12-1512:11:33,355  INFO MainApplication:59 ---- testController
2016-12-1512:11:33,355  INFO MainApplication:59 ---- tomcatEmbeddedServletContainerFactory
2016-12-1512:11:33,355  INFO MainApplication:59 ---- tomcatPoolDataSourceMetadataProvider
2016-12-1512:11:33,355  INFO MainApplication:59 ---- tomcatPublicMetrics
2016-12-1512:11:33,356  INFO MainApplication:59 ---- traceEndpoint
2016-12-1512:11:33,356  INFO MainApplication:59 ---- traceRepository
2016-12-1512:11:33,356  INFO MainApplication:59 ---- transactionAttributeSource
2016-12-1512:11:33,356  INFO MainApplication:59 ---- transactionInterceptor
2016-12-1512:11:33,356  INFO MainApplication:59 ---- transactionManager
2016-12-1512:11:33,356  INFO MainApplication:59 ---- transactionTemplate
2016-12-1512:11:33,356  INFO MainApplication:59 ---- viewControllerHandlerMapping
2016-12-1512:11:33,356  INFO MainApplication:59 ---- viewResolver
2016-12-1512:11:33,356  INFO MainApplication:59 ---- webRequestLoggingFilter
2016-12-1512:11:33,356  INFO MainApplication:59 ---- websocketContainerCustomizer
