2016-12-0710:54:05,235  INFO MainApplication:48 ---- Starting MainApplication on USER-20160817GA with PID 8692 (F:\company\Administrator\iccspace_work\icc-wechat-mgmt\target\classes started by Administrator in F:\company\Administrator\iccspace_work\icc-wechat-mgmt)
2016-12-0710:54:05,250  INFO MainApplication:656 ---- The following profiles are active: dev
2016-12-0710:55:19,246  INFO MainApplication:57 ---- Started MainApplication in 75.932 seconds (JVM running for 80.874)
2016-12-0710:55:19,246  INFO MainApplication:58 ---- actuatorMetricReader
2016-12-0710:55:19,262  INFO MainApplication:58 ---- applicationContextIdFilter
2016-12-0710:55:19,262  INFO MainApplication:58 ---- audience.CONFIGURATION_PROPERTIES
2016-12-0710:55:19,262  INFO MainApplication:58 ---- auditEventRepository
2016-12-0710:55:19,262  INFO MainApplication:58 ---- auditListener
2016-12-0710:55:19,262  INFO MainApplication:58 ---- autoConfigurationReportEndpoint
2016-12-0710:55:19,262  INFO MainApplication:58 ---- basicErrorController
2016-12-0710:55:19,262  INFO MainApplication:58 ---- basicFilterRegistrationBean
2016-12-0710:55:19,262  INFO MainApplication:58 ---- beanNameHandlerMapping
2016-12-0710:55:19,262  INFO MainApplication:58 ---- beanNameViewResolver
2016-12-0710:55:19,262  INFO MainApplication:58 ---- beansEndpoint
2016-12-0710:55:19,262  INFO MainApplication:58 ---- characterEncodingFilter
2016-12-0710:55:19,262  INFO MainApplication:58 ---- configurationPropertiesReportEndpoint
2016-12-0710:55:19,262  INFO MainApplication:58 ---- counterBuffers
2016-12-0710:55:19,262  INFO MainApplication:58 ---- counterService
2016-12-0710:55:19,262  INFO MainApplication:58 ---- dataSource
2016-12-0710:55:19,262  INFO MainApplication:58 ---- dataSourceInitializer
2016-12-0710:55:19,262  INFO MainApplication:58 ---- dataSourceInitializerPostProcessor
2016-12-0710:55:19,262  INFO MainApplication:58 ---- dataSourcePublicMetrics
2016-12-0710:55:19,262  INFO MainApplication:58 ---- dbHealthIndicator
2016-12-0710:55:19,262  INFO MainApplication:58 ---- defaultServletHandlerMapping
2016-12-0710:55:19,262  INFO MainApplication:58 ---- defaultViewResolver
2016-12-0710:55:19,262  INFO MainApplication:58 ---- devSendMessage
2016-12-0710:55:19,262  INFO MainApplication:58 ---- diskSpaceHealthIndicator
2016-12-0710:55:19,262  INFO MainApplication:58 ---- diskSpaceHealthIndicatorProperties
2016-12-0710:55:19,262  INFO MainApplication:58 ---- dispatcherServlet
2016-12-0710:55:19,262  INFO MainApplication:58 ---- dispatcherServletRegistration
2016-12-0710:55:19,262  INFO MainApplication:58 ---- dumpEndpoint
2016-12-0710:55:19,262  INFO MainApplication:58 ---- duplicateServerPropertiesDetector
2016-12-0710:55:19,262  INFO MainApplication:58 ---- embeddedServletContainerCustomizerBeanPostProcessor
2016-12-0710:55:19,262  INFO MainApplication:58 ---- endpointHandlerMapping
2016-12-0710:55:19,262  INFO MainApplication:58 ---- endpointMBeanExporter
2016-12-0710:55:19,277  INFO MainApplication:58 ---- endpoints.CONFIGURATION_PROPERTIES
2016-12-0710:55:19,277  INFO MainApplication:58 ---- endpoints.cors.CONFIGURATION_PROPERTIES
2016-12-0710:55:19,277  INFO MainApplication:58 ---- endpoints.health.CONFIGURATION_PROPERTIES
2016-12-0710:55:19,277  INFO MainApplication:58 ---- endpoints.jmx.CONFIGURATION_PROPERTIES
2016-12-0710:55:19,277  INFO MainApplication:58 ---- environmentEndpoint
2016-12-0710:55:19,277  INFO MainApplication:58 ---- environmentMvcEndpoint
2016-12-0710:55:19,277  INFO MainApplication:58 ---- error
2016-12-0710:55:19,277  INFO MainApplication:58 ---- errorAttributes
2016-12-0710:55:19,277  INFO MainApplication:58 ---- errorPageCustomizer
2016-12-0710:55:19,277  INFO MainApplication:58 ---- faviconHandlerMapping
2016-12-0710:55:19,277  INFO MainApplication:58 ---- faviconRequestHandler
2016-12-0710:55:19,277  INFO MainApplication:58 ---- gaugeBuffers
2016-12-0710:55:19,277  INFO MainApplication:58 ---- gaugeService
2016-12-0710:55:19,277  INFO MainApplication:58 ---- halJsonMvcEndpoint
2016-12-0710:55:19,277  INFO MainApplication:58 ---- handlerExceptionResolver
2016-12-0710:55:19,277  INFO MainApplication:58 ---- healthAggregator
2016-12-0710:55:19,277  INFO MainApplication:58 ---- healthEndpoint
2016-12-0710:55:19,277  INFO MainApplication:58 ---- healthMvcEndpoint
2016-12-0710:55:19,277  INFO MainApplication:58 ---- hiddenHttpMethodFilter
2016-12-0710:55:19,277  INFO MainApplication:58 ---- httpPutFormContentFilter
2016-12-0710:55:19,277  INFO MainApplication:58 ---- httpRequestHandlerAdapter
2016-12-0710:55:19,277  INFO MainApplication:58 ---- infoEndpoint
2016-12-0710:55:19,277  INFO MainApplication:58 ---- jacksonObjectMapper
2016-12-0710:55:19,277  INFO MainApplication:58 ---- jacksonObjectMapperBuilder
2016-12-0710:55:19,277  INFO MainApplication:58 ---- jdbcTemplate
2016-12-0710:55:19,277  INFO MainApplication:58 ---- jsonWebTokenController
2016-12-0710:55:19,277  INFO MainApplication:58 ---- jwtFilterRegistrationBean
2016-12-0710:55:19,277  INFO MainApplication:58 ---- mainApplication
2016-12-0710:55:19,277  INFO MainApplication:58 ---- management.health.status.CONFIGURATION_PROPERTIES
2016-12-0710:55:19,277  INFO MainApplication:58 ---- management.trace.CONFIGURATION_PROPERTIES
2016-12-0710:55:19,277  INFO MainApplication:58 ---- managementContextResolver
2016-12-0710:55:19,293  INFO MainApplication:58 ---- managementServerProperties
2016-12-0710:55:19,293  INFO MainApplication:58 ---- managementServletContext
2016-12-0710:55:19,293  INFO MainApplication:58 ---- mappingJackson2HttpMessageConverter
2016-12-0710:55:19,293  INFO MainApplication:58 ---- mbeanExporter
2016-12-0710:55:19,293  INFO MainApplication:58 ---- mbeanServer
2016-12-0710:55:19,293  INFO MainApplication:58 ---- messageConverters
2016-12-0710:55:19,293  INFO MainApplication:58 ---- metricFilter
2016-12-0710:55:19,293  INFO MainApplication:58 ---- metricReaderPublicMetrics
2016-12-0710:55:19,293  INFO MainApplication:58 ---- metricWritersMetricExporter
2016-12-0710:55:19,293  INFO MainApplication:58 ---- metricsEndpoint
2016-12-0710:55:19,293  INFO MainApplication:58 ---- metricsMvcEndpoint
2016-12-0710:55:19,293  INFO MainApplication:58 ---- mgmtUserController
2016-12-0710:55:19,293  INFO MainApplication:58 ---- mgmtUserMapper
2016-12-0710:55:19,293  INFO MainApplication:58 ---- mgmtUserServiceImpl
2016-12-0710:55:19,293  INFO MainApplication:58 ---- multipart.CONFIGURATION_PROPERTIES
2016-12-0710:55:19,293  INFO MainApplication:58 ---- multipartConfigElement
2016-12-0710:55:19,293  INFO MainApplication:58 ---- multipartResolver
2016-12-0710:55:19,293  INFO MainApplication:58 ---- mvcContentNegotiationManager
2016-12-0710:55:19,293  INFO MainApplication:58 ---- mvcConversionService
2016-12-0710:55:19,293  INFO MainApplication:58 ---- mvcEndpoints
2016-12-0710:55:19,293  INFO MainApplication:58 ---- mvcPathMatcher
2016-12-0710:55:19,293  INFO MainApplication:58 ---- mvcResourceUrlProvider
2016-12-0710:55:19,293  INFO MainApplication:58 ---- mvcUriComponentsContributor
2016-12-0710:55:19,293  INFO MainApplication:58 ---- mvcUrlPathHelper
2016-12-0710:55:19,308  INFO MainApplication:58 ---- mvcValidator
2016-12-0710:55:19,308  INFO MainApplication:58 ---- mvcViewResolver
2016-12-0710:55:19,308  INFO MainApplication:58 ---- myService
2016-12-0710:55:19,308  INFO MainApplication:58 ---- mybatis.CONFIGURATION_PROPERTIES
2016-12-0710:55:19,308  INFO MainApplication:58 ---- namedParameterJdbcTemplate
2016-12-0710:55:19,308  INFO MainApplication:58 ---- objectNamingStrategy
2016-12-0710:55:19,308  INFO MainApplication:58 ---- org.mybatis.spring.boot.autoconfigure.MybatisAutoConfiguration
2016-12-0710:55:19,308  INFO MainApplication:58 ---- org.springframework.aop.config.internalAutoProxyCreator
2016-12-0710:55:19,308  INFO MainApplication:58 ---- org.springframework.boot.actuate.autoconfigure.AuditAutoConfiguration
2016-12-0710:55:19,308  INFO MainApplication:58 ---- org.springframework.boot.actuate.autoconfigure.AuditAutoConfiguration$AuditEventRepositoryConfiguration
2016-12-0710:55:19,308  INFO MainApplication:58 ---- org.springframework.boot.actuate.autoconfigure.EndpointAutoConfiguration
2016-12-0710:55:19,308  INFO MainApplication:58 ---- org.springframework.boot.actuate.autoconfigure.EndpointAutoConfiguration$InfoPropertiesConfiguration
2016-12-0710:55:19,308  INFO MainApplication:58 ---- org.springframework.boot.actuate.autoconfigure.EndpointAutoConfiguration$RequestMappingEndpointConfiguration
2016-12-0710:55:19,308  INFO MainApplication:58 ---- org.springframework.boot.actuate.autoconfigure.EndpointMBeanExportAutoConfiguration
2016-12-0710:55:19,308  INFO MainApplication:58 ---- org.springframework.boot.actuate.autoconfigure.EndpointWebMvcAutoConfiguration
2016-12-0710:55:19,308  INFO MainApplication:58 ---- org.springframework.boot.actuate.autoconfigure.EndpointWebMvcAutoConfiguration$ApplicationContextFilterConfiguration
2016-12-0710:55:19,308  INFO MainApplication:58 ---- org.springframework.boot.actuate.autoconfigure.EndpointWebMvcAutoConfiguration$EndpointWebMvcConfiguration
2016-12-0710:55:19,308  INFO MainApplication:58 ---- org.springframework.boot.actuate.autoconfigure.EndpointWebMvcHypermediaManagementContextConfiguration
2016-12-0710:55:19,324  INFO MainApplication:58 ---- org.springframework.boot.actuate.autoconfigure.EndpointWebMvcHypermediaManagementContextConfiguration$ActuatorEndpointLinksAdvice
2016-12-0710:55:19,324  INFO MainApplication:58 ---- org.springframework.boot.actuate.autoconfigure.EndpointWebMvcHypermediaManagementContextConfiguration$MvcEndpointAdvice
2016-12-0710:55:19,324  INFO MainApplication:58 ---- org.springframework.boot.actuate.autoconfigure.EndpointWebMvcManagementContextConfiguration
2016-12-0710:55:19,324  INFO MainApplication:58 ---- org.springframework.boot.actuate.autoconfigure.HealthIndicatorAutoConfiguration
2016-12-0710:55:19,324  INFO MainApplication:58 ---- org.springframework.boot.actuate.autoconfigure.HealthIndicatorAutoConfiguration$DataSourcesHealthIndicatorConfiguration
2016-12-0710:55:19,324  INFO MainApplication:58 ---- org.springframework.boot.actuate.autoconfigure.HealthIndicatorAutoConfiguration$DiskSpaceHealthIndicatorConfiguration
2016-12-0710:55:19,324  INFO MainApplication:58 ---- org.springframework.boot.actuate.autoconfigure.ManagementServerPropertiesAutoConfiguration
2016-12-0710:55:19,324  INFO MainApplication:58 ---- org.springframework.boot.actuate.autoconfigure.MetricExportAutoConfiguration
2016-12-0710:55:19,324  INFO MainApplication:58 ---- org.springframework.boot.actuate.autoconfigure.MetricExportAutoConfiguration$MetricExportPropertiesConfiguration
2016-12-0710:55:19,324  INFO MainApplication:58 ---- org.springframework.boot.actuate.autoconfigure.MetricFilterAutoConfiguration
2016-12-0710:55:19,324  INFO MainApplication:58 ---- org.springframework.boot.actuate.autoconfigure.MetricRepositoryAutoConfiguration
2016-12-0710:55:19,324  INFO MainApplication:58 ---- org.springframework.boot.actuate.autoconfigure.MetricRepositoryAutoConfiguration$FastMetricServicesConfiguration
2016-12-0710:55:19,324  INFO MainApplication:58 ---- org.springframework.boot.actuate.autoconfigure.PublicMetricsAutoConfiguration
2016-12-0710:55:19,324  INFO MainApplication:58 ---- org.springframework.boot.actuate.autoconfigure.PublicMetricsAutoConfiguration$DataSourceMetricsConfiguration
2016-12-0710:55:19,324  INFO MainApplication:58 ---- org.springframework.boot.actuate.autoconfigure.PublicMetricsAutoConfiguration$TomcatMetricsConfiguration
2016-12-0710:55:19,324  INFO MainApplication:58 ---- org.springframework.boot.actuate.autoconfigure.TraceRepositoryAutoConfiguration
2016-12-0710:55:19,324  INFO MainApplication:58 ---- org.springframework.boot.actuate.autoconfigure.TraceWebFilterAutoConfiguration
2016-12-0710:55:19,324  INFO MainApplication:58 ---- org.springframework.boot.autoconfigure.AutoConfigurationPackages
2016-12-0710:55:19,324  INFO MainApplication:58 ---- org.springframework.boot.autoconfigure.PropertyPlaceholderAutoConfiguration
2016-12-0710:55:19,324  INFO MainApplication:58 ---- org.springframework.boot.autoconfigure.admin.SpringApplicationAdminJmxAutoConfiguration
2016-12-0710:55:19,324  INFO MainApplication:58 ---- org.springframework.boot.autoconfigure.aop.AopAutoConfiguration
2016-12-0710:55:19,324  INFO MainApplication:58 ---- org.springframework.boot.autoconfigure.aop.AopAutoConfiguration$JdkDynamicAutoProxyConfiguration
2016-12-0710:55:19,324  INFO MainApplication:58 ---- org.springframework.boot.autoconfigure.condition.BeanTypeRegistry
2016-12-0710:55:19,324  INFO MainApplication:58 ---- org.springframework.boot.autoconfigure.context.ConfigurationPropertiesAutoConfiguration
2016-12-0710:55:19,324  INFO MainApplication:58 ---- org.springframework.boot.autoconfigure.dao.PersistenceExceptionTranslationAutoConfiguration
2016-12-0710:55:19,324  INFO MainApplication:58 ---- org.springframework.boot.autoconfigure.jackson.JacksonAutoConfiguration
2016-12-0710:55:19,324  INFO MainApplication:58 ---- org.springframework.boot.autoconfigure.jackson.JacksonAutoConfiguration$JacksonObjectMapperBuilderConfiguration
2016-12-0710:55:19,324  INFO MainApplication:58 ---- org.springframework.boot.autoconfigure.jackson.JacksonAutoConfiguration$JacksonObjectMapperConfiguration
2016-12-0710:55:19,324  INFO MainApplication:58 ---- org.springframework.boot.autoconfigure.jdbc.DataSourceAutoConfiguration
2016-12-0710:55:19,324  INFO MainApplication:58 ---- org.springframework.boot.autoconfigure.jdbc.DataSourceAutoConfiguration$DataSourceInitializerConfiguration
2016-12-0710:55:19,324  INFO MainApplication:58 ---- org.springframework.boot.autoconfigure.jdbc.DataSourceAutoConfiguration$JdbcTemplateConfiguration
2016-12-0710:55:19,324  INFO MainApplication:58 ---- org.springframework.boot.autoconfigure.jdbc.DataSourceAutoConfiguration$NonEmbeddedConfiguration
2016-12-0710:55:19,340  INFO MainApplication:58 ---- org.springframework.boot.autoconfigure.jdbc.DataSourceTransactionManagerAutoConfiguration
2016-12-0710:55:19,340  INFO MainApplication:58 ---- org.springframework.boot.autoconfigure.jdbc.DataSourceTransactionManagerAutoConfiguration$TransactionManagementConfiguration
2016-12-0710:55:19,340  INFO MainApplication:58 ---- org.springframework.boot.autoconfigure.jdbc.metadata.DataSourcePoolMetadataProvidersConfiguration
2016-12-0710:55:19,340  INFO MainApplication:58 ---- org.springframework.boot.autoconfigure.jdbc.metadata.DataSourcePoolMetadataProvidersConfiguration$TomcatDataSourcePoolMetadataProviderConfiguration
2016-12-0710:55:19,340  INFO MainApplication:58 ---- org.springframework.boot.autoconfigure.jmx.JmxAutoConfiguration
2016-12-0710:55:19,340  INFO MainApplication:58 ---- org.springframework.boot.autoconfigure.transaction.TransactionAutoConfiguration
2016-12-0710:55:19,340  INFO MainApplication:58 ---- org.springframework.boot.autoconfigure.web.DispatcherServletAutoConfiguration
2016-12-0710:55:19,340  INFO MainApplication:58 ---- org.springframework.boot.autoconfigure.web.DispatcherServletAutoConfiguration$DispatcherServletConfiguration
2016-12-0710:55:19,340  INFO MainApplication:58 ---- org.springframework.boot.autoconfigure.web.EmbeddedServletContainerAutoConfiguration
2016-12-0710:55:19,340  INFO MainApplication:58 ---- org.springframework.boot.autoconfigure.web.EmbeddedServletContainerAutoConfiguration$EmbeddedTomcat
2016-12-0710:55:19,340  INFO MainApplication:58 ---- org.springframework.boot.autoconfigure.web.ErrorMvcAutoConfiguration
2016-12-0710:55:19,340  INFO MainApplication:58 ---- org.springframework.boot.autoconfigure.web.ErrorMvcAutoConfiguration$WhitelabelErrorViewConfiguration
2016-12-0710:55:19,340  INFO MainApplication:58 ---- org.springframework.boot.autoconfigure.web.HttpEncodingAutoConfiguration
2016-12-0710:55:19,340  INFO MainApplication:58 ---- org.springframework.boot.autoconfigure.web.HttpMessageConvertersAutoConfiguration
2016-12-0710:55:19,340  INFO MainApplication:58 ---- org.springframework.boot.autoconfigure.web.HttpMessageConvertersAutoConfiguration$StringHttpMessageConverterConfiguration
2016-12-0710:55:19,340  INFO MainApplication:58 ---- org.springframework.boot.autoconfigure.web.JacksonHttpMessageConvertersConfiguration
2016-12-0710:55:19,340  INFO MainApplication:58 ---- org.springframework.boot.autoconfigure.web.JacksonHttpMessageConvertersConfiguration$MappingJackson2HttpMessageConverterConfiguration
2016-12-0710:55:19,340  INFO MainApplication:58 ---- org.springframework.boot.autoconfigure.web.MultipartAutoConfiguration
2016-12-0710:55:19,340  INFO MainApplication:58 ---- org.springframework.boot.autoconfigure.web.ServerPropertiesAutoConfiguration
2016-12-0710:55:19,340  INFO MainApplication:58 ---- org.springframework.boot.autoconfigure.web.WebMvcAutoConfiguration
2016-12-0710:55:19,340  INFO MainApplication:58 ---- org.springframework.boot.autoconfigure.web.WebMvcAutoConfiguration$EnableWebMvcConfiguration
2016-12-0710:55:19,340  INFO MainApplication:58 ---- org.springframework.boot.autoconfigure.web.WebMvcAutoConfiguration$WebMvcAutoConfigurationAdapter
2016-12-0710:55:19,340  INFO MainApplication:58 ---- org.springframework.boot.autoconfigure.web.WebMvcAutoConfiguration$WebMvcAutoConfigurationAdapter$FaviconConfiguration
2016-12-0710:55:19,340  INFO MainApplication:58 ---- org.springframework.boot.autoconfigure.websocket.WebSocketAutoConfiguration
2016-12-0710:55:19,340  INFO MainApplication:58 ---- org.springframework.boot.autoconfigure.websocket.WebSocketAutoConfiguration$TomcatWebSocketConfiguration
2016-12-0710:55:19,340  INFO MainApplication:58 ---- org.springframework.boot.context.properties.ConfigurationPropertiesBindingPostProcessor
2016-12-0710:55:19,340  INFO MainApplication:58 ---- org.springframework.boot.context.properties.ConfigurationPropertiesBindingPostProcessor.store
2016-12-0710:55:19,340  INFO MainApplication:58 ---- org.springframework.context.annotation.ConfigurationClassPostProcessor.enhancedConfigurationProcessor
2016-12-0710:55:19,340  INFO MainApplication:58 ---- org.springframework.context.annotation.ConfigurationClassPostProcessor.importAwareProcessor
2016-12-0710:55:19,355  INFO MainApplication:58 ---- org.springframework.context.annotation.internalAutowiredAnnotationProcessor
2016-12-0710:55:19,355  INFO MainApplication:58 ---- org.springframework.context.annotation.internalCommonAnnotationProcessor
2016-12-0710:55:19,355  INFO MainApplication:58 ---- org.springframework.context.annotation.internalConfigurationAnnotationProcessor
2016-12-0710:55:19,355  INFO MainApplication:58 ---- org.springframework.context.annotation.internalRequiredAnnotationProcessor
2016-12-0710:55:19,355  INFO MainApplication:58 ---- org.springframework.context.annotation.internalScheduledAnnotationProcessor
2016-12-0710:55:19,355  INFO MainApplication:58 ---- org.springframework.context.event.internalEventListenerFactory
2016-12-0710:55:19,355  INFO MainApplication:58 ---- org.springframework.context.event.internalEventListenerProcessor
2016-12-0710:55:19,355  INFO MainApplication:58 ---- org.springframework.scheduling.annotation.SchedulingConfiguration
2016-12-0710:55:19,355  INFO MainApplication:58 ---- org.springframework.transaction.annotation.ProxyTransactionManagementConfiguration
2016-12-0710:55:19,355  INFO MainApplication:58 ---- org.springframework.transaction.config.internalTransactionAdvisor
2016-12-0710:55:19,355  INFO MainApplication:58 ---- org.springframework.transaction.config.internalTransactionalEventListenerFactory
2016-12-0710:55:19,355  INFO MainApplication:58 ---- persistenceExceptionTranslationPostProcessor
2016-12-0710:55:19,355  INFO MainApplication:58 ---- preserveErrorControllerTargetClassPostProcessor
2016-12-0710:55:19,355  INFO MainApplication:58 ---- propertySourcesPlaceholderConfigurer
2016-12-0710:55:19,355  INFO MainApplication:58 ---- requestContextFilter
2016-12-0710:55:19,355  INFO MainApplication:58 ---- requestMappingEndpoint
2016-12-0710:55:19,355  INFO MainApplication:58 ---- requestMappingHandlerAdapter
2016-12-0710:55:19,355  INFO MainApplication:58 ---- requestMappingHandlerMapping
2016-12-0710:55:19,355  INFO MainApplication:58 ---- resourceHandlerMapping
2016-12-0710:55:19,355  INFO MainApplication:58 ---- serverProperties
2016-12-0710:55:19,355  INFO MainApplication:58 ---- shutdownEndpoint
2016-12-0710:55:19,355  INFO MainApplication:58 ---- simpleControllerHandlerAdapter
2016-12-0710:55:19,355  INFO MainApplication:58 ---- spring.datasource.CONFIGURATION_PROPERTIES
2016-12-0710:55:19,355  INFO MainApplication:58 ---- spring.http.encoding.CONFIGURATION_PROPERTIES
2016-12-0710:55:19,355  INFO MainApplication:58 ---- spring.jackson.CONFIGURATION_PROPERTIES
2016-12-0710:55:19,355  INFO MainApplication:58 ---- spring.metrics.export.CONFIGURATION_PROPERTIES
2016-12-0710:55:19,355  INFO MainApplication:58 ---- spring.mvc.CONFIGURATION_PROPERTIES
2016-12-0710:55:19,355  INFO MainApplication:58 ---- spring.resources.CONFIGURATION_PROPERTIES
2016-12-0710:55:19,355  INFO MainApplication:58 ---- springApplicationAdminRegistrar
2016-12-0710:55:19,355  INFO MainApplication:58 ---- sqlSessionFactory
2016-12-0710:55:19,355  INFO MainApplication:58 ---- sqlSessionTemplate
2016-12-0710:55:19,355  INFO MainApplication:58 ---- stringHttpMessageConverter
2016-12-0710:55:19,371  INFO MainApplication:58 ---- systemPublicMetrics
2016-12-0710:55:19,371  INFO MainApplication:58 ---- testController
2016-12-0710:55:19,371  INFO MainApplication:58 ---- tomcatEmbeddedServletContainerFactory
2016-12-0710:55:19,371  INFO MainApplication:58 ---- tomcatPoolDataSourceMetadataProvider
2016-12-0710:55:19,371  INFO MainApplication:58 ---- tomcatPublicMetrics
2016-12-0710:55:19,371  INFO MainApplication:58 ---- traceEndpoint
2016-12-0710:55:19,371  INFO MainApplication:58 ---- traceRepository
2016-12-0710:55:19,371  INFO MainApplication:58 ---- transactionAttributeSource
2016-12-0710:55:19,371  INFO MainApplication:58 ---- transactionInterceptor
2016-12-0710:55:19,371  INFO MainApplication:58 ---- transactionManager
2016-12-0710:55:19,371  INFO MainApplication:58 ---- transactionTemplate
2016-12-0710:55:19,371  INFO MainApplication:58 ---- viewControllerHandlerMapping
2016-12-0710:55:19,371  INFO MainApplication:58 ---- viewResolver
2016-12-0710:55:19,371  INFO MainApplication:58 ---- webRequestLoggingFilter
2016-12-0710:55:19,371  INFO MainApplication:58 ---- websocketContainerCustomizer
2016-12-0711:14:18,761  INFO MainApplication:48 ---- Starting MainApplication on USER-20160817GA with PID 17964 (F:\company\Administrator\iccspace_work\icc-wechat-mgmt\target\classes started by Administrator in F:\company\Administrator\iccspace_work\icc-wechat-mgmt)
2016-12-0711:14:18,792  INFO MainApplication:656 ---- The following profiles are active: dev
2016-12-0711:15:04,905  INFO MainApplication:57 ---- Started MainApplication in 47.679 seconds (JVM running for 53.382)
2016-12-0711:15:04,905  INFO MainApplication:58 ---- actuatorMetricReader
2016-12-0711:15:04,905  INFO MainApplication:58 ---- applicationContextIdFilter
2016-12-0711:15:04,920  INFO MainApplication:58 ---- audience.CONFIGURATION_PROPERTIES
2016-12-0711:15:04,920  INFO MainApplication:58 ---- auditEventRepository
2016-12-0711:15:04,920  INFO MainApplication:58 ---- auditListener
2016-12-0711:15:04,920  INFO MainApplication:58 ---- autoConfigurationReportEndpoint
2016-12-0711:15:04,920  INFO MainApplication:58 ---- basicErrorController
2016-12-0711:15:04,920  INFO MainApplication:58 ---- basicFilterRegistrationBean
2016-12-0711:15:04,920  INFO MainApplication:58 ---- beanNameHandlerMapping
2016-12-0711:15:04,920  INFO MainApplication:58 ---- beanNameViewResolver
2016-12-0711:15:04,920  INFO MainApplication:58 ---- beansEndpoint
2016-12-0711:15:04,920  INFO MainApplication:58 ---- characterEncodingFilter
2016-12-0711:15:04,920  INFO MainApplication:58 ---- configurationPropertiesReportEndpoint
2016-12-0711:15:04,920  INFO MainApplication:58 ---- counterBuffers
2016-12-0711:15:04,920  INFO MainApplication:58 ---- counterService
2016-12-0711:15:04,920  INFO MainApplication:58 ---- dataSource
2016-12-0711:15:04,920  INFO MainApplication:58 ---- dataSourceInitializer
2016-12-0711:15:04,920  INFO MainApplication:58 ---- dataSourceInitializerPostProcessor
2016-12-0711:15:04,920  INFO MainApplication:58 ---- dataSourcePublicMetrics
2016-12-0711:15:04,920  INFO MainApplication:58 ---- dbHealthIndicator
2016-12-0711:15:04,920  INFO MainApplication:58 ---- defaultServletHandlerMapping
2016-12-0711:15:04,920  INFO MainApplication:58 ---- defaultViewResolver
2016-12-0711:15:04,920  INFO MainApplication:58 ---- devSendMessage
2016-12-0711:15:04,920  INFO MainApplication:58 ---- diskSpaceHealthIndicator
2016-12-0711:15:04,920  INFO MainApplication:58 ---- diskSpaceHealthIndicatorProperties
2016-12-0711:15:04,920  INFO MainApplication:58 ---- dispatcherServlet
2016-12-0711:15:04,920  INFO MainApplication:58 ---- dispatcherServletRegistration
2016-12-0711:15:04,920  INFO MainApplication:58 ---- dumpEndpoint
2016-12-0711:15:04,920  INFO MainApplication:58 ---- duplicateServerPropertiesDetector
2016-12-0711:15:04,920  INFO MainApplication:58 ---- embeddedServletContainerCustomizerBeanPostProcessor
2016-12-0711:15:04,920  INFO MainApplication:58 ---- endpointHandlerMapping
2016-12-0711:15:04,920  INFO MainApplication:58 ---- endpointMBeanExporter
2016-12-0711:15:04,920  INFO MainApplication:58 ---- endpoints.CONFIGURATION_PROPERTIES
2016-12-0711:15:04,920  INFO MainApplication:58 ---- endpoints.cors.CONFIGURATION_PROPERTIES
2016-12-0711:15:04,920  INFO MainApplication:58 ---- endpoints.health.CONFIGURATION_PROPERTIES
2016-12-0711:15:04,936  INFO MainApplication:58 ---- endpoints.jmx.CONFIGURATION_PROPERTIES
2016-12-0711:15:04,936  INFO MainApplication:58 ---- environmentEndpoint
2016-12-0711:15:04,936  INFO MainApplication:58 ---- environmentMvcEndpoint
2016-12-0711:15:04,936  INFO MainApplication:58 ---- error
2016-12-0711:15:04,936  INFO MainApplication:58 ---- errorAttributes
2016-12-0711:15:04,936  INFO MainApplication:58 ---- errorPageCustomizer
2016-12-0711:15:04,936  INFO MainApplication:58 ---- faviconHandlerMapping
2016-12-0711:15:04,936  INFO MainApplication:58 ---- faviconRequestHandler
2016-12-0711:15:04,936  INFO MainApplication:58 ---- gaugeBuffers
2016-12-0711:15:04,936  INFO MainApplication:58 ---- gaugeService
2016-12-0711:15:04,936  INFO MainApplication:58 ---- halJsonMvcEndpoint
2016-12-0711:15:04,936  INFO MainApplication:58 ---- handlerExceptionResolver
2016-12-0711:15:04,936  INFO MainApplication:58 ---- healthAggregator
2016-12-0711:15:04,936  INFO MainApplication:58 ---- healthEndpoint
2016-12-0711:15:04,936  INFO MainApplication:58 ---- healthMvcEndpoint
2016-12-0711:15:04,936  INFO MainApplication:58 ---- hiddenHttpMethodFilter
2016-12-0711:15:04,952  INFO MainApplication:58 ---- httpPutFormContentFilter
2016-12-0711:15:04,952  INFO MainApplication:58 ---- httpRequestHandlerAdapter
2016-12-0711:15:04,952  INFO MainApplication:58 ---- infoEndpoint
2016-12-0711:15:04,952  INFO MainApplication:58 ---- jacksonObjectMapper
2016-12-0711:15:04,952  INFO MainApplication:58 ---- jacksonObjectMapperBuilder
2016-12-0711:15:04,952  INFO MainApplication:58 ---- jdbcTemplate
2016-12-0711:15:04,952  INFO MainApplication:58 ---- jsonWebTokenController
2016-12-0711:15:04,952  INFO MainApplication:58 ---- jwtFilterRegistrationBean
2016-12-0711:15:04,952  INFO MainApplication:58 ---- mainApplication
2016-12-0711:15:04,952  INFO MainApplication:58 ---- management.health.status.CONFIGURATION_PROPERTIES
2016-12-0711:15:04,952  INFO MainApplication:58 ---- management.trace.CONFIGURATION_PROPERTIES
2016-12-0711:15:04,952  INFO MainApplication:58 ---- managementContextResolver
2016-12-0711:15:04,952  INFO MainApplication:58 ---- managementServerProperties
2016-12-0711:15:04,952  INFO MainApplication:58 ---- managementServletContext
2016-12-0711:15:04,952  INFO MainApplication:58 ---- mappingJackson2HttpMessageConverter
2016-12-0711:15:04,952  INFO MainApplication:58 ---- mbeanExporter
2016-12-0711:15:04,952  INFO MainApplication:58 ---- mbeanServer
2016-12-0711:15:04,952  INFO MainApplication:58 ---- messageConverters
2016-12-0711:15:04,952  INFO MainApplication:58 ---- metricFilter
2016-12-0711:15:04,952  INFO MainApplication:58 ---- metricReaderPublicMetrics
2016-12-0711:15:04,952  INFO MainApplication:58 ---- metricWritersMetricExporter
2016-12-0711:15:04,952  INFO MainApplication:58 ---- metricsEndpoint
2016-12-0711:15:04,952  INFO MainApplication:58 ---- metricsMvcEndpoint
2016-12-0711:15:04,952  INFO MainApplication:58 ---- mgmtUserController
2016-12-0711:15:04,952  INFO MainApplication:58 ---- mgmtUserMapper
2016-12-0711:15:04,952  INFO MainApplication:58 ---- mgmtUserServiceImpl
2016-12-0711:15:04,952  INFO MainApplication:58 ---- multipart.CONFIGURATION_PROPERTIES
2016-12-0711:15:04,952  INFO MainApplication:58 ---- multipartConfigElement
2016-12-0711:15:04,952  INFO MainApplication:58 ---- multipartResolver
2016-12-0711:15:04,967  INFO MainApplication:58 ---- mvcContentNegotiationManager
2016-12-0711:15:04,967  INFO MainApplication:58 ---- mvcConversionService
2016-12-0711:15:04,967  INFO MainApplication:58 ---- mvcEndpoints
2016-12-0711:15:04,967  INFO MainApplication:58 ---- mvcPathMatcher
2016-12-0711:15:04,967  INFO MainApplication:58 ---- mvcResourceUrlProvider
2016-12-0711:15:04,967  INFO MainApplication:58 ---- mvcUriComponentsContributor
2016-12-0711:15:04,967  INFO MainApplication:58 ---- mvcUrlPathHelper
2016-12-0711:15:04,967  INFO MainApplication:58 ---- mvcValidator
2016-12-0711:15:04,967  INFO MainApplication:58 ---- mvcViewResolver
2016-12-0711:15:04,967  INFO MainApplication:58 ---- myService
2016-12-0711:15:04,967  INFO MainApplication:58 ---- mybatis.CONFIGURATION_PROPERTIES
2016-12-0711:15:04,967  INFO MainApplication:58 ---- namedParameterJdbcTemplate
2016-12-0711:15:04,967  INFO MainApplication:58 ---- objectNamingStrategy
2016-12-0711:15:04,967  INFO MainApplication:58 ---- org.mybatis.spring.boot.autoconfigure.MybatisAutoConfiguration
2016-12-0711:15:04,967  INFO MainApplication:58 ---- org.springframework.aop.config.internalAutoProxyCreator
2016-12-0711:15:04,967  INFO MainApplication:58 ---- org.springframework.boot.actuate.autoconfigure.AuditAutoConfiguration
2016-12-0711:15:04,967  INFO MainApplication:58 ---- org.springframework.boot.actuate.autoconfigure.AuditAutoConfiguration$AuditEventRepositoryConfiguration
2016-12-0711:15:04,967  INFO MainApplication:58 ---- org.springframework.boot.actuate.autoconfigure.EndpointAutoConfiguration
2016-12-0711:15:04,967  INFO MainApplication:58 ---- org.springframework.boot.actuate.autoconfigure.EndpointAutoConfiguration$InfoPropertiesConfiguration
2016-12-0711:15:04,967  INFO MainApplication:58 ---- org.springframework.boot.actuate.autoconfigure.EndpointAutoConfiguration$RequestMappingEndpointConfiguration
2016-12-0711:15:04,967  INFO MainApplication:58 ---- org.springframework.boot.actuate.autoconfigure.EndpointMBeanExportAutoConfiguration
2016-12-0711:15:04,967  INFO MainApplication:58 ---- org.springframework.boot.actuate.autoconfigure.EndpointWebMvcAutoConfiguration
2016-12-0711:15:04,967  INFO MainApplication:58 ---- org.springframework.boot.actuate.autoconfigure.EndpointWebMvcAutoConfiguration$ApplicationContextFilterConfiguration
2016-12-0711:15:04,967  INFO MainApplication:58 ---- org.springframework.boot.actuate.autoconfigure.EndpointWebMvcAutoConfiguration$EndpointWebMvcConfiguration
2016-12-0711:15:04,967  INFO MainApplication:58 ---- org.springframework.boot.actuate.autoconfigure.EndpointWebMvcHypermediaManagementContextConfiguration
2016-12-0711:15:04,967  INFO MainApplication:58 ---- org.springframework.boot.actuate.autoconfigure.EndpointWebMvcHypermediaManagementContextConfiguration$ActuatorEndpointLinksAdvice
2016-12-0711:15:04,967  INFO MainApplication:58 ---- org.springframework.boot.actuate.autoconfigure.EndpointWebMvcHypermediaManagementContextConfiguration$MvcEndpointAdvice
2016-12-0711:15:04,967  INFO MainApplication:58 ---- org.springframework.boot.actuate.autoconfigure.EndpointWebMvcManagementContextConfiguration
2016-12-0711:15:04,983  INFO MainApplication:58 ---- org.springframework.boot.actuate.autoconfigure.HealthIndicatorAutoConfiguration
2016-12-0711:15:04,983  INFO MainApplication:58 ---- org.springframework.boot.actuate.autoconfigure.HealthIndicatorAutoConfiguration$DataSourcesHealthIndicatorConfiguration
2016-12-0711:15:04,983  INFO MainApplication:58 ---- org.springframework.boot.actuate.autoconfigure.HealthIndicatorAutoConfiguration$DiskSpaceHealthIndicatorConfiguration
2016-12-0711:15:04,983  INFO MainApplication:58 ---- org.springframework.boot.actuate.autoconfigure.ManagementServerPropertiesAutoConfiguration
2016-12-0711:15:04,983  INFO MainApplication:58 ---- org.springframework.boot.actuate.autoconfigure.MetricExportAutoConfiguration
2016-12-0711:15:04,983  INFO MainApplication:58 ---- org.springframework.boot.actuate.autoconfigure.MetricExportAutoConfiguration$MetricExportPropertiesConfiguration
2016-12-0711:15:04,983  INFO MainApplication:58 ---- org.springframework.boot.actuate.autoconfigure.MetricFilterAutoConfiguration
2016-12-0711:15:04,983  INFO MainApplication:58 ---- org.springframework.boot.actuate.autoconfigure.MetricRepositoryAutoConfiguration
2016-12-0711:15:04,983  INFO MainApplication:58 ---- org.springframework.boot.actuate.autoconfigure.MetricRepositoryAutoConfiguration$FastMetricServicesConfiguration
2016-12-0711:15:04,983  INFO MainApplication:58 ---- org.springframework.boot.actuate.autoconfigure.PublicMetricsAutoConfiguration
2016-12-0711:15:04,983  INFO MainApplication:58 ---- org.springframework.boot.actuate.autoconfigure.PublicMetricsAutoConfiguration$DataSourceMetricsConfiguration
2016-12-0711:15:04,983  INFO MainApplication:58 ---- org.springframework.boot.actuate.autoconfigure.PublicMetricsAutoConfiguration$TomcatMetricsConfiguration
2016-12-0711:15:04,983  INFO MainApplication:58 ---- org.springframework.boot.actuate.autoconfigure.TraceRepositoryAutoConfiguration
2016-12-0711:15:04,983  INFO MainApplication:58 ---- org.springframework.boot.actuate.autoconfigure.TraceWebFilterAutoConfiguration
2016-12-0711:15:04,983  INFO MainApplication:58 ---- org.springframework.boot.autoconfigure.AutoConfigurationPackages
2016-12-0711:15:04,983  INFO MainApplication:58 ---- org.springframework.boot.autoconfigure.PropertyPlaceholderAutoConfiguration
2016-12-0711:15:04,983  INFO MainApplication:58 ---- org.springframework.boot.autoconfigure.admin.SpringApplicationAdminJmxAutoConfiguration
2016-12-0711:15:04,983  INFO MainApplication:58 ---- org.springframework.boot.autoconfigure.aop.AopAutoConfiguration
2016-12-0711:15:04,983  INFO MainApplication:58 ---- org.springframework.boot.autoconfigure.aop.AopAutoConfiguration$JdkDynamicAutoProxyConfiguration
2016-12-0711:15:04,983  INFO MainApplication:58 ---- org.springframework.boot.autoconfigure.condition.BeanTypeRegistry
2016-12-0711:15:04,983  INFO MainApplication:58 ---- org.springframework.boot.autoconfigure.context.ConfigurationPropertiesAutoConfiguration
2016-12-0711:15:04,983  INFO MainApplication:58 ---- org.springframework.boot.autoconfigure.dao.PersistenceExceptionTranslationAutoConfiguration
2016-12-0711:15:04,983  INFO MainApplication:58 ---- org.springframework.boot.autoconfigure.jackson.JacksonAutoConfiguration
2016-12-0711:15:04,983  INFO MainApplication:58 ---- org.springframework.boot.autoconfigure.jackson.JacksonAutoConfiguration$JacksonObjectMapperBuilderConfiguration
2016-12-0711:15:04,983  INFO MainApplication:58 ---- org.springframework.boot.autoconfigure.jackson.JacksonAutoConfiguration$JacksonObjectMapperConfiguration
2016-12-0711:15:04,983  INFO MainApplication:58 ---- org.springframework.boot.autoconfigure.jdbc.DataSourceAutoConfiguration
2016-12-0711:15:04,983  INFO MainApplication:58 ---- org.springframework.boot.autoconfigure.jdbc.DataSourceAutoConfiguration$DataSourceInitializerConfiguration
2016-12-0711:15:04,983  INFO MainApplication:58 ---- org.springframework.boot.autoconfigure.jdbc.DataSourceAutoConfiguration$JdbcTemplateConfiguration
2016-12-0711:15:04,998  INFO MainApplication:58 ---- org.springframework.boot.autoconfigure.jdbc.DataSourceAutoConfiguration$NonEmbeddedConfiguration
2016-12-0711:15:04,998  INFO MainApplication:58 ---- org.springframework.boot.autoconfigure.jdbc.DataSourceTransactionManagerAutoConfiguration
2016-12-0711:15:04,998  INFO MainApplication:58 ---- org.springframework.boot.autoconfigure.jdbc.DataSourceTransactionManagerAutoConfiguration$TransactionManagementConfiguration
2016-12-0711:15:04,998  INFO MainApplication:58 ---- org.springframework.boot.autoconfigure.jdbc.metadata.DataSourcePoolMetadataProvidersConfiguration
2016-12-0711:15:04,998  INFO MainApplication:58 ---- org.springframework.boot.autoconfigure.jdbc.metadata.DataSourcePoolMetadataProvidersConfiguration$TomcatDataSourcePoolMetadataProviderConfiguration
2016-12-0711:15:04,998  INFO MainApplication:58 ---- org.springframework.boot.autoconfigure.jmx.JmxAutoConfiguration
2016-12-0711:15:04,998  INFO MainApplication:58 ---- org.springframework.boot.autoconfigure.transaction.TransactionAutoConfiguration
2016-12-0711:15:04,998  INFO MainApplication:58 ---- org.springframework.boot.autoconfigure.web.DispatcherServletAutoConfiguration
2016-12-0711:15:04,998  INFO MainApplication:58 ---- org.springframework.boot.autoconfigure.web.DispatcherServletAutoConfiguration$DispatcherServletConfiguration
2016-12-0711:15:04,998  INFO MainApplication:58 ---- org.springframework.boot.autoconfigure.web.EmbeddedServletContainerAutoConfiguration
2016-12-0711:15:04,998  INFO MainApplication:58 ---- org.springframework.boot.autoconfigure.web.EmbeddedServletContainerAutoConfiguration$EmbeddedTomcat
2016-12-0711:15:04,998  INFO MainApplication:58 ---- org.springframework.boot.autoconfigure.web.ErrorMvcAutoConfiguration
2016-12-0711:15:04,998  INFO MainApplication:58 ---- org.springframework.boot.autoconfigure.web.ErrorMvcAutoConfiguration$WhitelabelErrorViewConfiguration
2016-12-0711:15:04,998  INFO MainApplication:58 ---- org.springframework.boot.autoconfigure.web.HttpEncodingAutoConfiguration
2016-12-0711:15:04,998  INFO MainApplication:58 ---- org.springframework.boot.autoconfigure.web.HttpMessageConvertersAutoConfiguration
2016-12-0711:15:04,998  INFO MainApplication:58 ---- org.springframework.boot.autoconfigure.web.HttpMessageConvertersAutoConfiguration$StringHttpMessageConverterConfiguration
2016-12-0711:15:04,998  INFO MainApplication:58 ---- org.springframework.boot.autoconfigure.web.JacksonHttpMessageConvertersConfiguration
2016-12-0711:15:04,998  INFO MainApplication:58 ---- org.springframework.boot.autoconfigure.web.JacksonHttpMessageConvertersConfiguration$MappingJackson2HttpMessageConverterConfiguration
2016-12-0711:15:04,998  INFO MainApplication:58 ---- org.springframework.boot.autoconfigure.web.MultipartAutoConfiguration
2016-12-0711:15:04,998  INFO MainApplication:58 ---- org.springframework.boot.autoconfigure.web.ServerPropertiesAutoConfiguration
2016-12-0711:15:04,998  INFO MainApplication:58 ---- org.springframework.boot.autoconfigure.web.WebMvcAutoConfiguration
2016-12-0711:15:04,998  INFO MainApplication:58 ---- org.springframework.boot.autoconfigure.web.WebMvcAutoConfiguration$EnableWebMvcConfiguration
2016-12-0711:15:04,998  INFO MainApplication:58 ---- org.springframework.boot.autoconfigure.web.WebMvcAutoConfiguration$WebMvcAutoConfigurationAdapter
2016-12-0711:15:04,998  INFO MainApplication:58 ---- org.springframework.boot.autoconfigure.web.WebMvcAutoConfiguration$WebMvcAutoConfigurationAdapter$FaviconConfiguration
2016-12-0711:15:04,998  INFO MainApplication:58 ---- org.springframework.boot.autoconfigure.websocket.WebSocketAutoConfiguration
2016-12-0711:15:04,998  INFO MainApplication:58 ---- org.springframework.boot.autoconfigure.websocket.WebSocketAutoConfiguration$TomcatWebSocketConfiguration
2016-12-0711:15:05,014  INFO MainApplication:58 ---- org.springframework.boot.context.properties.ConfigurationPropertiesBindingPostProcessor
2016-12-0711:15:05,014  INFO MainApplication:58 ---- org.springframework.boot.context.properties.ConfigurationPropertiesBindingPostProcessor.store
2016-12-0711:15:05,014  INFO MainApplication:58 ---- org.springframework.context.annotation.ConfigurationClassPostProcessor.enhancedConfigurationProcessor
2016-12-0711:15:05,014  INFO MainApplication:58 ---- org.springframework.context.annotation.ConfigurationClassPostProcessor.importAwareProcessor
2016-12-0711:15:05,014  INFO MainApplication:58 ---- org.springframework.context.annotation.internalAutowiredAnnotationProcessor
2016-12-0711:15:05,014  INFO MainApplication:58 ---- org.springframework.context.annotation.internalCommonAnnotationProcessor
2016-12-0711:15:05,014  INFO MainApplication:58 ---- org.springframework.context.annotation.internalConfigurationAnnotationProcessor
2016-12-0711:15:05,014  INFO MainApplication:58 ---- org.springframework.context.annotation.internalRequiredAnnotationProcessor
2016-12-0711:15:05,014  INFO MainApplication:58 ---- org.springframework.context.annotation.internalScheduledAnnotationProcessor
2016-12-0711:15:05,014  INFO MainApplication:58 ---- org.springframework.context.event.internalEventListenerFactory
2016-12-0711:15:05,014  INFO MainApplication:58 ---- org.springframework.context.event.internalEventListenerProcessor
2016-12-0711:15:05,014  INFO MainApplication:58 ---- org.springframework.scheduling.annotation.SchedulingConfiguration
2016-12-0711:15:05,014  INFO MainApplication:58 ---- org.springframework.transaction.annotation.ProxyTransactionManagementConfiguration
2016-12-0711:15:05,014  INFO MainApplication:58 ---- org.springframework.transaction.config.internalTransactionAdvisor
2016-12-0711:15:05,014  INFO MainApplication:58 ---- org.springframework.transaction.config.internalTransactionalEventListenerFactory
2016-12-0711:15:05,014  INFO MainApplication:58 ---- persistenceExceptionTranslationPostProcessor
2016-12-0711:15:05,014  INFO MainApplication:58 ---- preserveErrorControllerTargetClassPostProcessor
2016-12-0711:15:05,014  INFO MainApplication:58 ---- propertySourcesPlaceholderConfigurer
2016-12-0711:15:05,014  INFO MainApplication:58 ---- requestContextFilter
2016-12-0711:15:05,014  INFO MainApplication:58 ---- requestMappingEndpoint
2016-12-0711:15:05,014  INFO MainApplication:58 ---- requestMappingHandlerAdapter
2016-12-0711:15:05,014  INFO MainApplication:58 ---- requestMappingHandlerMapping
2016-12-0711:15:05,014  INFO MainApplication:58 ---- resourceHandlerMapping
2016-12-0711:15:05,014  INFO MainApplication:58 ---- serverProperties
2016-12-0711:15:05,014  INFO MainApplication:58 ---- shutdownEndpoint
2016-12-0711:15:05,014  INFO MainApplication:58 ---- simpleControllerHandlerAdapter
2016-12-0711:15:05,014  INFO MainApplication:58 ---- spring.datasource.CONFIGURATION_PROPERTIES
2016-12-0711:15:05,014  INFO MainApplication:58 ---- spring.http.encoding.CONFIGURATION_PROPERTIES
2016-12-0711:15:05,014  INFO MainApplication:58 ---- spring.jackson.CONFIGURATION_PROPERTIES
2016-12-0711:15:05,014  INFO MainApplication:58 ---- spring.metrics.export.CONFIGURATION_PROPERTIES
2016-12-0711:15:05,014  INFO MainApplication:58 ---- spring.mvc.CONFIGURATION_PROPERTIES
2016-12-0711:15:05,030  INFO MainApplication:58 ---- spring.resources.CONFIGURATION_PROPERTIES
2016-12-0711:15:05,030  INFO MainApplication:58 ---- springApplicationAdminRegistrar
2016-12-0711:15:05,030  INFO MainApplication:58 ---- sqlSessionFactory
2016-12-0711:15:05,030  INFO MainApplication:58 ---- sqlSessionTemplate
2016-12-0711:15:05,030  INFO MainApplication:58 ---- stringHttpMessageConverter
2016-12-0711:15:05,030  INFO MainApplication:58 ---- systemPublicMetrics
2016-12-0711:15:05,030  INFO MainApplication:58 ---- testController
2016-12-0711:15:05,030  INFO MainApplication:58 ---- tomcatEmbeddedServletContainerFactory
2016-12-0711:15:05,030  INFO MainApplication:58 ---- tomcatPoolDataSourceMetadataProvider
2016-12-0711:15:05,030  INFO MainApplication:58 ---- tomcatPublicMetrics
2016-12-0711:15:05,030  INFO MainApplication:58 ---- traceEndpoint
2016-12-0711:15:05,030  INFO MainApplication:58 ---- traceRepository
2016-12-0711:15:05,030  INFO MainApplication:58 ---- transactionAttributeSource
2016-12-0711:15:05,030  INFO MainApplication:58 ---- transactionInterceptor
2016-12-0711:15:05,030  INFO MainApplication:58 ---- transactionManager
2016-12-0711:15:05,030  INFO MainApplication:58 ---- transactionTemplate
2016-12-0711:15:05,030  INFO MainApplication:58 ---- viewControllerHandlerMapping
2016-12-0711:15:05,030  INFO MainApplication:58 ---- viewResolver
2016-12-0711:15:05,030  INFO MainApplication:58 ---- webRequestLoggingFilter
2016-12-0711:15:05,030  INFO MainApplication:58 ---- websocketContainerCustomizer
